# JRE version: OpenJDK Runtime Environment AdoptOpenJDK (11.0.10+9) (build 11.0.10+9)
# Java VM: OpenJDK 64-Bit Server VM AdoptOpenJDK (11.0.10+9, mixed mode, tiered, compressed oops, g1 gc, linux-amd64)
Heap:
 garbage-first heap   total 524288K, used 484450K [0x00000000e0000000, 0x0000000100000000)
  region size 1024K, 4 young (4096K), 1 survivors (1024K)
 Metaspace       used 91867K, capacity 101726K, committed 102144K, reserved 1134592K
  class space    used 11598K, capacity 15975K, committed 16128K, reserved 1048576K
GC Heap History (20 events):
Event: 121224.774 GC heap before
{Heap before GC invocations=3456 (full 17):
 garbage-first heap   total 524288K, used 506978K [0x00000000e0000000, 0x0000000100000000)
  region size 1024K, 25 young (25600K), 1 survivors (1024K)
 Metaspace       used 91859K, capacity 101726K, committed 102144K, reserved 1134592K
  class space    used 11598K, capacity 15975K, committed 16128K, reserved 1048576K
}
Event: 121224.776 GC heap after
{Heap after GC invocations=3457 (full 17):
 garbage-first heap   total 524288K, used 482402K [0x00000000e0000000, 0x0000000100000000)
  region size 1024K, 1 young (1024K), 1 survivors (1024K)
 Metaspace       used 91859K, capacity 101726K, committed 102144K, reserved 1134592K
  class space    used 11598K, capacity 15975K, committed 16128K, reserved 1048576K
}
Event: 121350.572 GC heap before
{Heap before GC invocations=3458 (full 17):
 garbage-first heap   total 524288K, used 506978K [0x00000000e0000000, 0x0000000100000000)
  region size 1024K, 25 young (25600K), 1 survivors (1024K)
 Metaspace       used 91859K, capacity 101726K, committed 102144K, reserved 1134592K
  class space    used 11598K, capacity 15975K, committed 16128K, reserved 1048576K
}
Event: 121350.584 GC heap after
{Heap after GC invocations=3459 (full 17):
 garbage-first heap   total 524288K, used 482400K [0x00000000e0000000, 0x0000000100000000)
  region size 1024K, 1 young (1024K), 1 survivors (1024K)
 Metaspace       used 91859K, capacity 101726K, committed 102144K, reserved 1134592K
  class space    used 11598K, capacity 15975K, committed 16128K, reserved 1048576K
}
Event: 121477.883 GC heap before
{Heap before GC invocations=3459 (full 17):
 garbage-first heap   total 524288K, used 506976K [0x00000000e0000000, 0x0000000100000000)
  region size 1024K, 25 young (25600K), 1 survivors (1024K)
 Metaspace       used 91859K, capacity 101726K, committed 102144K, reserved 1134592K
  class space    used 11598K, capacity 15975K, committed 16128K, reserved 1048576K
}
Event: 121477.886 GC heap after
{Heap after GC invocations=3460 (full 17):
 garbage-first heap   total 524288K, used 482402K [0x00000000e0000000, 0x0000000100000000)
  region size 1024K, 1 young (1024K), 1 survivors (1024K)
 Metaspace       used 91859K, capacity 101726K, committed 102144K, reserved 1134592K
  class space    used 11598K, capacity 15975K, committed 16128K, reserved 1048576K
}
Event: 121604.066 GC heap before
{Heap before GC invocations=3461 (full 17):
 garbage-first heap   total 524288K, used 506978K [0x00000000e0000000, 0x0000000100000000)
  region size 1024K, 25 young (25600K), 1 survivors (1024K)
 Metaspace       used 91859K, capacity 101726K, committed 102144K, reserved 1134592K
  class space    used 11598K, capacity 15975K, committed 16128K, reserved 1048576K
}
Event: 121604.082 GC heap after
{Heap after GC invocations=3462 (full 17):
 garbage-first heap   total 524288K, used 482402K [0x00000000e0000000, 0x0000000100000000)
  region size 1024K, 1 young (1024K), 1 survivors (1024K)
 Metaspace       used 91859K, capacity 101726K, committed 102144K, reserved 1134592K
  class space    used 11598K, capacity 15975K, committed 16128K, reserved 1048576K
}
Event: 121730.095 GC heap before
{Heap before GC invocations=3462 (full 17):
 garbage-first heap   total 524288K, used 506978K [0x00000000e0000000, 0x0000000100000000)
  region size 1024K, 25 young (25600K), 1 survivors (1024K)
 Metaspace       used 91859K, capacity 101726K, committed 102144K, reserved 1134592K
  class space    used 11598K, capacity 15975K, committed 16128K, reserved 1048576K
}
Event: 121730.098 GC heap after
{Heap after GC invocations=3463 (full 17):
 garbage-first heap   total 524288K, used 482400K [0x00000000e0000000, 0x0000000100000000)
  region size 1024K, 1 young (1024K), 1 survivors (1024K)
 Metaspace       used 91859K, capacity 101726K, committed 102144K, reserved 1134592K
  class space    used 11598K, capacity 15975K, committed 16128K, reserved 1048576K
}
Event: 121855.548 GC heap before
{Heap before GC invocations=3464 (full 17):
 garbage-first heap   total 524288K, used 506976K [0x00000000e0000000, 0x0000000100000000)
  region size 1024K, 25 young (25600K), 1 survivors (1024K)
 Metaspace       used 91859K, capacity 101726K, committed 102144K, reserved 1134592K
  class space    used 11598K, capacity 15975K, committed 16128K, reserved 1048576K
}
Event: 121855.565 GC heap after
{Heap after GC invocations=3465 (full 17):
 garbage-first heap   total 524288K, used 482400K [0x00000000e0000000, 0x0000000100000000)
  region size 1024K, 1 young (1024K), 1 survivors (1024K)
 Metaspace       used 91859K, capacity 101726K, committed 102144K, reserved 1134592K
  class space    used 11598K, capacity 15975K, committed 16128K, reserved 1048576K
}
Event: 121981.423 GC heap before
{Heap before GC invocations=3465 (full 17):
 garbage-first heap   total 524288K, used 506976K [0x00000000e0000000, 0x0000000100000000)
  region size 1024K, 25 young (25600K), 1 survivors (1024K)
 Metaspace       used 91859K, capacity 101726K, committed 102144K, reserved 1134592K
  class space    used 11598K, capacity 15975K, committed 16128K, reserved 1048576K
}
Event: 121981.425 GC heap after
{Heap after GC invocations=3466 (full 17):
 garbage-first heap   total 524288K, used 482402K [0x00000000e0000000, 0x0000000100000000)
  region size 1024K, 1 young (1024K), 1 survivors (1024K)
 Metaspace       used 91859K, capacity 101726K, committed 102144K, reserved 1134592K
  class space    used 11598K, capacity 15975K, committed 16128K, reserved 1048576K
}
Event: 122107.720 GC heap before
{Heap before GC invocations=3467 (full 17):
 garbage-first heap   total 524288K, used 506978K [0x00000000e0000000, 0x0000000100000000)
  region size 1024K, 25 young (25600K), 1 survivors (1024K)
 Metaspace       used 91859K, capacity 101726K, committed 102144K, reserved 1134592K
  class space    used 11598K, capacity 15975K, committed 16128K, reserved 1048576K
}
Event: 122107.729 GC heap after
{Heap after GC invocations=3468 (full 17):
 garbage-first heap   total 524288K, used 482402K [0x00000000e0000000, 0x0000000100000000)
  region size 1024K, 1 young (1024K), 1 survivors (1024K)
 Metaspace       used 91859K, capacity 101726K, committed 102144K, reserved 1134592K
  class space    used 11598K, capacity 15975K, committed 16128K, reserved 1048576K
}
Event: 122233.019 GC heap before
{Heap before GC invocations=3468 (full 17):
 garbage-first heap   total 524288K, used 506978K [0x00000000e0000000, 0x0000000100000000)
  region size 1024K, 25 young (25600K), 1 survivors (1024K)
 Metaspace       used 91859K, capacity 101726K, committed 102144K, reserved 1134592K
  class space    used 11598K, capacity 15975K, committed 16128K, reserved 1048576K
}
Event: 122233.025 GC heap after
{Heap after GC invocations=3469 (full 17):
 garbage-first heap   total 524288K, used 482406K [0x00000000e0000000, 0x0000000100000000)
  region size 1024K, 1 young (1024K), 1 survivors (1024K)
 Metaspace       used 91859K, capacity 101726K, committed 102144K, reserved 1134592K
  class space    used 11598K, capacity 15975K, committed 16128K, reserved 1048576K
}
Event: 122359.324 GC heap before
{Heap before GC invocations=3470 (full 17):
 garbage-first heap   total 524288K, used 506982K [0x00000000e0000000, 0x0000000100000000)
  region size 1024K, 25 young (25600K), 1 survivors (1024K)
 Metaspace       used 91859K, capacity 101726K, committed 102144K, reserved 1134592K
  class space    used 11598K, capacity 15975K, committed 16128K, reserved 1048576K
}
Event: 122359.334 GC heap after
{Heap after GC invocations=3471 (full 17):
 garbage-first heap   total 524288K, used 482402K [0x00000000e0000000, 0x0000000100000000)
  region size 1024K, 1 young (1024K), 1 survivors (1024K)
 Metaspace       used 91859K, capacity 101726K, committed 102144K, reserved 1134592K
  class space    used 11598K, capacity 15975K, committed 16128K, reserved 1048576K
}

